<?xml version="1.0" encoding="UTF-8"?>
<!-- Generated by org.testng.reporters.JUnitReportReporter -->
<testsuite hostname="01-01466" name="excelOperations.inputFromExcel" tests="1" failures="0" timestamp="24 Nov 2015 13:24:24 GMT" time="0.013" errors="0">
  <testcase name="inmain" time="0.013" classname="excelOperations.inputFromExcel"/>
</testsuite> <!-- excelOperations.inputFromExcel -->
