<?xml version="1.0" encoding="UTF-8"?>
<!-- Generated by org.testng.reporters.JUnitReportReporter -->
<testsuite hostname="ubuntu" name="registrationAuthentication.Registration" tests="4" failures="0" timestamp="27 Nov 2015 05:06:08 GMT" time="14.332" errors="0">
  <testcase name="GIN12" time="3.991" classname="registrationAuthentication.Registration"/>
  <testcase name="GIN16" time="2.729" classname="registrationAuthentication.Registration"/>
  <testcase name="GIN13" time="0.396" classname="registrationAuthentication.Registration"/>
  <testcase name="GIN15" time="7.216" classname="registrationAuthentication.Registration"/>
</testsuite> <!-- registrationAuthentication.Registration -->
