<?xml version="1.0" encoding="UTF-8"?>
<!-- Generated by org.testng.reporters.JUnitReportReporter -->
<testsuite hostname="ubuntu" name="registrationAuthentication.Login" tests="5" failures="0" timestamp="27 Nov 2015 05:06:08 GMT" time="79.058" errors="0">
  <testcase name="GIN7" time="11.979" classname="registrationAuthentication.Login"/>
  <testcase name="GIN6" time="38.154" classname="registrationAuthentication.Login"/>
  <testcase name="GIN2" time="9.872" classname="registrationAuthentication.Login"/>
  <testcase name="GIN4" time="9.700" classname="registrationAuthentication.Login"/>
  <testcase name="GIN1" time="9.353" classname="registrationAuthentication.Login"/>
</testsuite> <!-- registrationAuthentication.Login -->
