<?xml version="1.0" encoding="UTF-8"?>
<!-- Generated by org.testng.reporters.JUnitReportReporter -->
<testsuite hostname="ubuntu" name="excelOperations.pathConfig" tests="1" failures="0" timestamp="25 Nov 2015 04:39:18 GMT" time="0.015" errors="0">
  <testcase name="testrun" time="0.015" classname="excelOperations.pathConfig"/>
</testsuite> <!-- excelOperations.pathConfig -->
